

times in msec
 clock   self+sourced   self:  sourced script
 clock   elapsed:              other lines

000.037  000.037: --- NVIM STARTING ---
000.273  000.235: event init
000.425  000.153: early init
004.232  003.807: locale set
004.318  000.086: init first window
005.156  000.838: inits 1
005.173  000.016: window checked
005.185  000.013: parsing arguments
005.830  000.065  000.065: require('vim.shared')
005.989  000.063  000.063: require('vim._options')
005.992  000.157  000.094: require('vim._editor'

times in msec
 clock   self+sourced   self:  sourced script
 clock   elapsed:              other lines

000.048  000.048: --- NVIM STARTING ---
000.275  000.227: event init
000.394  000.119: early init
004.360  003.967: locale set
004.435  000.074: init first window
004.978  000.543: inits 1
005.006  000.029: window checked
005.032  000.025: parsing arguments
005.652  000.057  000.057: require('vim.shared')
005.790  000.055  000.055: require('vim._options')
005.792  000.136  000.081: require('vim._editor')
006.066  000.514  000.321: require('vim._init_packages')
006.074  000.529: init lua interpreter
007.744  001.669: expanding arguments
007.852  000.108: inits 2
008.207  000.355: init highlight
008.210  000.003: waiting for UI
008.592  000.382: done waiting for UI
008.600  000.009: clear screen
008.793  000.193: init default mappings & autocommands
015.969  000.135  000.135: sourcing /usr/share/nvim/runtime/ftplugin.vim
016.340  000.066  000.066: sourcing /usr/share/nvim/runtime/indent.vim
017.632  000.433  000.433: require('user.options')
017.896  000.243  000.243: require('user.autocmd')
018.237  000.007  000.007: require('vim.keymap')
019.324  001.425  001.418: require('user.keymaps')
019.571  000.243  000.243: require('user.colorscheme')
026.986  007.110  007.110: require('lazy')
027.067  000.051  000.051: require('ffi')
027.142  000.050  000.050: require('vim.loader')
027.251  000.044  000.044: require('vim.fs')
027.697  000.511  000.466: require('lazy.stats')
027.952  000.226  000.226: require('lazy.core.util')
028.340  000.365  000.365: require('lazy.core.config')
029.131  000.456  000.456: require('lazy.core.handler')
029.532  000.397  000.397: require('lazy.core.plugin')
029.547  001.204  000.351: require('lazy.core.loader')
031.051  000.323  000.323: require('plugins.EasyAlign')
031.390  000.318  000.318: require('plugins.bufferline')
031.682  000.268  000.268: require('plugins.colorizer')
032.128  000.319  000.319: require('plugins.colorscheme')
032.501  000.338  000.338: require('plugins.easymotion')
032.875  000.336  000.336: require('plugins.flash')
033.252  000.360  000.360: require('plugins.indent-blankline')
033.662  000.367  000.367: require('plugins.lualine')
033.896  000.216  000.216: require('plugins.nvim-tree')
034.100  000.188  000.188: require('plugins.rainbow')
034.435  000.324  000.324: require('plugins.treesitter')
034.733  000.286  000.286: require('plugins.vim-trailing-whitespace')
035.259  000.260  000.260: require('lazy.core.handler.cmd')
035.954  000.355  000.355: require('lazy.core.handler.event')
035.989  000.711  000.355: require('lazy.core.handler.ft')
036.513  000.521  000.521: require('lazy.core.handler.keys')
040.503  002.485  002.485: sourcing /usr/share/nvim/runtime/filetype.lua
047.340  000.251  000.251: require('nvim-treesitter.utils')
050.689  000.394  000.394: require('vim.treesitter.language')
050.719  000.959  000.565: require('vim.treesitter.query')
050.981  000.260  000.260: require('vim.treesitter._range')
050.993  001.834  000.615: require('vim.treesitter.languagetree')
051.017  002.744  000.910: require('vim.treesitter')
051.608  004.263  001.519: require('nvim-treesitter.parsers')
052.472  000.190  000.190: require('nvim-treesitter.compat')
053.035  000.350  000.350: require('nvim-treesitter.ts_utils')
053.046  000.570  000.219: require('nvim-treesitter.tsrange')
053.257  000.208  000.208: require('nvim-treesitter.caching')
053.273  001.186  000.218: require('nvim-treesitter.query')
053.292  001.420  000.234: require('nvim-treesitter.configs')
053.295  001.684  000.264: require('nvim-treesitter.info')
053.566  000.253  000.253: require('nvim-treesitter.shell_command_selectors')
053.608  006.829  000.377: require('nvim-treesitter.install')
053.842  000.230  000.230: require('nvim-treesitter.statusline')
054.117  000.271  000.271: require('nvim-treesitter.query_predicates')
054.121  008.698  001.368: require('nvim-treesitter')
054.447  009.265  000.566: sourcing /home/test/.local/share/nvim/lazy/nvim-treesitter/plugin/nvim-treesitter.lua
061.797  000.302  000.302: require('nvim-treesitter.highlight')
062.558  000.489  000.489: require('nvim-treesitter.indent')
062.569  018.388  008.331: require('nvim-treesitter.query')
062.571  020.315  001.927: require('rainbow')
062.824  020.615  000.300: sourcing /home/test/.local/share/nvim/lazy/nvim-ts-rainbow/plugin/rainbow.vim
063.673  000.328  000.328: require('rainbow.internal')
066.995  000.084  000.084: sourcing /home/test/.local/share/nvim/lazy/nvim-web-devicons/plugin/nvim-web-devicons.vim
070.538  000.237  000.237: require('nvim-tree.notify')
070.570  000.501  000.263: require('nvim-tree.events')
071.676  000.381  000.381: require('nvim-tree.log')
072.252  000.278  000.278: require('nvim-tree.iterators.node-iterator')
072.301  000.621  000.342: require('nvim-tree.utils')
072.541  000.237  000.237: require('nvim-tree.git.utils')
072.887  000.342  000.342: require('nvim-tree.git.runner')
073.273  000.382  000.382: require('nvim-tree.watcher')
073.611  000.322  000.322: require('nvim-tree.explorer.node')
073.634  002.687  000.403: require('nvim-tree.git')
074.124  000.470  000.470: require('nvim-tree.explorer.watch')
074.711  000.277  000.277: require('nvim-tree.explorer.node-builders')
074.951  000.235  000.235: require('nvim-tree.explorer.sorters')
075.172  000.217  000.217: require('nvim-tree.explorer.filters')
075.647  000.241  000.241: require('nvim-tree.view')
075.653  000.477  000.236: require('nvim-tree.live-filter')
075.660  001.531  000.324: require('nvim-tree.explorer.explore')
075.931  000.269  000.269: require('nvim-tree.explorer.reload')
075.967  005.395  000.438: require('nvim-tree.explorer')
075.988  006.144  000.249: require('nvim-tree.core')
076.400  000.190  000.190: require('nvim-tree.modified')
076.405  000.414  000.224: require('nvim-tree.renderer.components.modified')
076.602  000.194  000.194: require('nvim-tree.renderer.components.padding')
076.803  000.198  000.198: require('nvim-tree.renderer.components.icons')
077.005  000.198  000.198: require('nvim-tree.renderer.components.full-name')
077.207  000.198  000.198: require('nvim-tree.renderer.components.git')
077.600  000.184  000.184: require('nvim-tree.enum')
077.606  000.381  000.197: require('nvim-tree.renderer.components.diagnostics')
078.384  000.314  000.314: require('nvim-tree.marks')
078.390  000.569  000.255: require('nvim-tree.renderer.components.bookmarks')
078.397  000.789  000.220: require('nvim-tree.renderer.builder')
078.402  008.927  000.410: require('nvim-tree.renderer')
078.407  009.249  000.322: require('nvim-tree.lib')
078.617  000.208  000.208: require('nvim-tree.colors')
079.429  000.197  000.197: require('nvim-tree.actions.finders.find-file')
079.433  000.397  000.199: require('nvim-tree.actions.tree.open')
079.647  000.211  000.211: require('nvim-tree.actions.tree.toggle')
079.853  000.201  000.201: require('nvim-tree.actions.reloaders.reloaders')
080.090  000.232  000.232: require('nvim-tree.actions.root.dir-up')
080.320  000.225  000.225: require('nvim-tree.actions.tree.find-file')
080.564  000.240  000.240: require('nvim-tree.actions.finders.search-node')
080.782  000.201  000.201: require('nvim-tree.actions.tree-modifiers.collapse-all')
081.001  000.201  000.201: require('nvim-tree.actions.tree-modifiers.expand-all')
081.194  000.188  000.188: require('nvim-tree.actions.tree-modifiers.toggles')
081.606  000.194  000.194: require('nvim-tree.keymap')
081.612  000.413  000.219: require('nvim-tree.help')
081.853  000.239  000.239: require('nvim-tree.actions.fs.create-file')
082.129  000.271  000.271: require('nvim-tree.actions.fs.remove-file')
082.337  000.191  000.191: require('nvim-tree.actions.fs.trash')
082.531  000.190  000.190: require('nvim-tree.actions.fs.rename-file')
082.892  000.355  000.355: require('nvim-tree.actions.fs.copy-paste')
083.226  000.322  000.322: require('nvim-tree.actions.node.file-popup')
083.569  000.340  000.340: require('nvim-tree.actions.node.run-command')
083.858  000.285  000.285: require('nvim-tree.actions.node.system-open')
084.071  000.209  000.209: require('nvim-tree.actions.moves.sibling')
084.285  000.209  000.209: require('nvim-tree.actions.moves.parent')
084.573  000.229  000.229: require('nvim-tree.actions.moves.item')
084.845  000.258  000.258: require('nvim-tree.marks.bulk-delete')
085.094  000.245  000.245: require('nvim-tree.marks.bulk-trash')
085.335  000.236  000.236: require('nvim-tree.marks.bulk-move')
085.811  000.254  000.254: require('nvim-tree.actions.node.open-file')
085.816  000.477  000.223: require('nvim-tree.marks.navigation')
085.820  006.991  000.426: require('nvim-tree.api')
085.830  007.195  000.204: require('nvim-tree.commands')
086.090  000.243  000.243: require('nvim-tree.actions.root.change-dir')
086.307  000.213  000.213: require('nvim-tree.legacy')
086.861  000.012  000.012: require('vim.F')
086.958  000.631  000.619: require('vim.diagnostic')
086.996  019.660  001.922: require('nvim-tree')
088.508  000.383  000.383: require('nvim-tree.actions')
089.107  000.289  000.289: require('nvim-tree.diagnostics')
090.626  000.725  000.725: require('nvim-web-devicons.icons-default')
090.816  001.631  000.906: require('nvim-web-devicons')
095.326  000.072  000.072: sourcing /home/test/.local/share/nvim/lazy/nvim-colorizer.lua/plugin/colorizer.vim
098.874  000.836  000.836: require('colorizer/nvim')
099.339  000.458  000.458: require('colorizer/trie')
099.519  004.056  002.762: require('colorizer')
103.597  000.199  000.199: require('ibl.utils')
103.606  000.424  000.225: require('ibl.config')
104.064  000.260  000.260: require('ibl.indent')
104.071  000.463  000.203: require('ibl.hooks')
104.092  001.143  000.256: require('ibl.highlights')
104.282  000.188  000.188: require('ibl.autocmds')
104.478  000.192  000.192: require('ibl.inlay_hints')
104.677  000.194  000.194: require('ibl.virt_text')
105.250  000.374  000.374: require('ibl.scope_languages')
105.254  000.574  000.200: require('ibl.scope')
105.260  004.085  001.794: require('ibl')
106.882  000.353  000.353: require('vim.lsp.log')
107.708  000.821  000.821: require('vim.lsp.protocol')
108.388  000.242  000.242: require('vim.lsp._snippet')
108.603  000.193  000.193: require('vim.highlight')
108.616  000.903  000.469: require('vim.lsp.util')
108.625  002.341  000.264: require('vim.lsp.handlers')
108.868  000.241  000.241: require('vim.lsp.rpc')
109.070  000.185  000.185: require('vim.lsp.sync')
109.310  000.236  000.236: require('vim.lsp.semantic_tokens')
109.532  000.218  000.218: require('vim.lsp.buf')
109.726  000.190  000.190: require('vim.lsp.diagnostic')
109.970  000.240  000.240: require('vim.lsp.codelens')
110.101  004.596  000.946: require('vim.lsp')
114.770  004.009  004.009: sourcing /home/test/.local/share/nvim/lazy/vim-easymotion/plugin/EasyMotion.vim
116.685  000.186  000.186: sourcing /home/test/.local/share/nvim/lazy/vim-easy-align/plugin/easy_align.vim
118.522  000.116  000.116: sourcing /home/test/.local/share/nvim/lazy/vim-trailing-whitespace/plugin/trailing-whitespace.vim
122.571  000.376  000.376: require('lualine_require')
123.328  003.139  002.763: require('lualine')
135.587  000.279  000.279: sourcing /usr/share/nvim/runtime/plugin/editorconfig.lua
135.986  000.210  000.210: sourcing /usr/share/nvim/runtime/plugin/gzip.vim
136.200  000.047  000.047: sourcing /usr/share/nvim/runtime/plugin/health.vim
136.660  000.291  000.291: sourcing /usr/share/nvim/runtime/plugin/man.lua
138.709  000.252  000.252: sourcing /usr/share/nvim/runtime/pack/dist/opt/matchit/plugin/matchit.vim
139.262  002.354  002.102: sourcing /usr/share/nvim/runtime/plugin/matchit.vim
139.695  000.234  000.234: sourcing /usr/share/nvim/runtime/plugin/matchparen.vim
140.318  000.440  000.440: sourcing /usr/share/nvim/runtime/plugin/netrwPlugin.vim
140.861  000.329  000.329: sourcing /usr/share/nvim/runtime/plugin/nvim.lua
141.782  000.722  000.722: sourcing /usr/share/nvim/runtime/plugin/rplugin.vim
142.096  000.116  000.116: sourcing /usr/share/nvim/runtime/plugin/shada.vim
142.331  000.053  000.053: sourcing /usr/share/nvim/runtime/plugin/spellfile.vim
142.654  000.141  000.141: sourcing /usr/share/nvim/runtime/plugin/tarPlugin.vim
143.047  000.204  000.204: sourcing /usr/share/nvim/runtime/plugin/tohtml.vim
143.276  000.048  000.048: sourcing /usr/share/nvim/runtime/plugin/tutor.vim
143.623  000.182  000.182: sourcing /usr/share/nvim/runtime/plugin/zipPlugin.vim
144.828  000.318  000.318: sourcing /home/test/.local/share/nvim/lazy/indent-blankline.nvim/after/plugin/commands.lua
144.895  125.320  038.968: require('lazynvim-init')
155.217  003.772  003.772: sourcing /home/test/.local/share/nvim/lazy/gruvbox/colors/gruvbox.vim
160.403  143.423  011.988: sourcing /home/test/.config/nvim/init.lua
160.572  008.153: sourcing vimrc file(s)
164.153  000.387  000.387: sourcing /usr/share/nvim/runtime/filetype.lua
166.655  000.129  000.129: sourcing /usr/share/nvim/runtime/syntax/synload.vim
166.760  001.752  001.624: sourcing /usr/share/nvim/runtime/syntax/syntax.vim
166.787  004.076: inits 3
170.006  003.220: reading ShaDa
170.443  000.436: opening buffers
171.241  000.799: BufEnter autocommands
171.249  000.008: editing files in windows
171.444  000.194: VimEnter autocommands
171.498  000.054: UIEnter autocommands
197.605  024.280  024.280: sourcing /usr/share/nvim/runtime/autoload/provider/clipboard.vim
197.633  001.855: before starting main loop
198.210  000.577: first screen update
198.214  000.003: --- NVIM STARTED ---
)
006.075  000.360  000.137: require('vim._init_packages')
006.081  000.535: init lua interpreter
012.640  006.560: expanding arguments
012.786  000.145: inits 2
013.139  000.354: init highlight
